<?xml version="1.0" encoding="UTF-8"?>
<!-- Generated by org.testng.reporters.JUnitReportReporter -->
<testsuite skipped="0" hostname="DESKTOP-MC" name="com.nopcommerce.users.Level_03_Register_Login_PageObject" tests="3" failures="0" timestamp="18 May 2021 08:11:32 GMT" time="9.909" errors="0">
  <testcase name="TC_03_MyAcount" time="1.743" classname="com.nopcommerce.users.Level_03_Register_Login_PageObject"/>
  <testcase name="TC_01_Register" time="5.880" classname="com.nopcommerce.users.Level_03_Register_Login_PageObject"/>
  <testcase name="TC_02_Login" time="2.286" classname="com.nopcommerce.users.Level_03_Register_Login_PageObject"/>
</testsuite> <!-- com.nopcommerce.users.Level_03_Register_Login_PageObject -->
