<?xml version="1.0" encoding="UTF-8"?>
<!-- Generated by org.testng.reporters.JUnitReportReporter -->
<testsuite skipped="0" hostname="DESKTOP-MC" name="facebook.web.users.Level_03_Register_Login_PageObject" tests="3" failures="0" timestamp="17 May 2021 13:51:27 GMT" time="18.826" errors="0">
  <testcase name="TC_01_Register" time="11.366" classname="facebook.web.users.Level_03_Register_Login_PageObject"/>
  <testcase name="TC_03_MyAcount" time="3.340" classname="facebook.web.users.Level_03_Register_Login_PageObject"/>
  <testcase name="TC_02_Login" time="4.120" classname="facebook.web.users.Level_03_Register_Login_PageObject"/>
</testsuite> <!-- facebook.web.users.Level_03_Register_Login_PageObject -->
