<?xml version="1.0" encoding="UTF-8"?>
<!-- Generated by org.testng.reporters.JUnitReportReporter -->
<testsuite skipped="0" hostname="DESKTOP-MC" name="com.nopcommerce.admin.Level_09_Web_Data_Table" tests="1" failures="0" timestamp="27 May 2021 04:49:44 GMT" time="4.848" errors="0">
  <testcase name="TC_02_Selected_All" time="4.848" classname="com.nopcommerce.admin.Level_09_Web_Data_Table"/>
</testsuite> <!-- com.nopcommerce.admin.Level_09_Web_Data_Table -->
