<?xml version="1.0" encoding="UTF-8"?>
<!-- Generated by org.testng.reporters.JUnitReportReporter -->
<testsuite skipped="0" hostname="DESKTOP-MC" name="com.nopcommerce.users.User_03_MyAccount" tests="4" failures="0" timestamp="29 Jul 2021 11:09:56 GMT" time="45.060" errors="0">
  <testcase name="TC_03_Chage_Password" time="20.212" classname="com.nopcommerce.users.User_03_MyAccount"/>
  <testcase name="TC_01_Update_Customer_Info" time="4.373" classname="com.nopcommerce.users.User_03_MyAccount"/>
  <testcase name="TC_02_Add_Address" time="9.928" classname="com.nopcommerce.users.User_03_MyAccount"/>
  <testcase name="TC_04_My_Products_Reviews" time="10.547" classname="com.nopcommerce.users.User_03_MyAccount"/>
</testsuite> <!-- com.nopcommerce.users.User_03_MyAccount -->
