<?xml version="1.0" encoding="UTF-8"?>
<!-- Generated by org.testng.reporters.JUnitReportReporter -->
<testsuite skipped="0" hostname="DESKTOP-MC" name="facebook.web.users.Level_01_Register_Login_AbstractPage_01" tests="3" failures="0" timestamp="14 May 2021 07:59:58 GMT" time="10.223" errors="0">
  <testcase name="TC_01_Register" time="5.144" classname="facebook.web.users.Level_01_Register_Login_AbstractPage_01"/>
  <testcase name="TC_02_Login" time="3.476" classname="facebook.web.users.Level_01_Register_Login_AbstractPage_01"/>
  <testcase name="TC_03_MyAcount" time="1.603" classname="facebook.web.users.Level_01_Register_Login_AbstractPage_01"/>
</testsuite> <!-- facebook.web.users.Level_01_Register_Login_AbstractPage_01 -->
