<?xml version="1.0" encoding="UTF-8"?>
<!-- Generated by org.testng.reporters.JUnitReportReporter -->
<testsuite skipped="0" hostname="DESKTOP-MC" name="com.nopcommerce.users.Level_06_Register_Login_Page_Generator" tests="3" failures="0" timestamp="22 May 2021 15:04:25 GMT" time="23.556" errors="0">
  <testcase name="TC_02_Login" time="4.543" classname="com.nopcommerce.users.Level_06_Register_Login_Page_Generator"/>
  <testcase name="TC_03_MyAcount" time="4.910" classname="com.nopcommerce.users.Level_06_Register_Login_Page_Generator"/>
  <testcase name="TC_01_Register" time="14.103" classname="com.nopcommerce.users.Level_06_Register_Login_Page_Generator"/>
</testsuite> <!-- com.nopcommerce.users.Level_06_Register_Login_Page_Generator -->
