<?xml version="1.0" encoding="UTF-8"?>
<!-- Generated by org.testng.reporters.JUnitReportReporter -->
<testsuite skipped="0" hostname="DESKTOP-MC" name="com.nopcommerce.users.Level_05_Register_Login_Page_Factory" tests="3" failures="0" timestamp="22 May 2021 14:35:30 GMT" time="26.208" errors="0">
  <testcase name="TC_01_Register" time="14.681" classname="com.nopcommerce.users.Level_05_Register_Login_Page_Factory"/>
  <testcase name="TC_03_MyAcount" time="5.610" classname="com.nopcommerce.users.Level_05_Register_Login_Page_Factory"/>
  <testcase name="TC_02_Login" time="5.917" classname="com.nopcommerce.users.Level_05_Register_Login_Page_Factory"/>
</testsuite> <!-- com.nopcommerce.users.Level_05_Register_Login_Page_Factory -->
