<?xml version="1.0" encoding="UTF-8"?>
<!-- Generated by org.testng.reporters.JUnitReportReporter -->
<testsuite skipped="0" hostname="DESKTOP-MC" name="com.nopcommerce.users.User_01_Regester" tests="5" failures="0" timestamp="11 Jun 2021 09:14:12 GMT" time="10.794" errors="0">
  <testcase name="TC_02_Register_With_Invalid_Email" time="2.778" classname="com.nopcommerce.users.User_01_Regester"/>
  <testcase name="TC_06_Register_Success" time="5.589" classname="com.nopcommerce.users.User_01_Regester"/>
  <testcase name="TC_04_Register_With_Password_Under6" time="0.973" classname="com.nopcommerce.users.User_01_Regester"/>
  <testcase name="TC_01_Register_With_Empty_Data" time="0.770" classname="com.nopcommerce.users.User_01_Regester"/>
  <testcase name="TC_05_Register_With_Password_Wrong" time="0.684" classname="com.nopcommerce.users.User_01_Regester"/>
</testsuite> <!-- com.nopcommerce.users.User_01_Regester -->
