<?xml version="1.0" encoding="UTF-8"?>
<!-- Generated by org.testng.reporters.JUnitReportReporter -->
<testsuite skipped="0" hostname="DESKTOP-MC" name="com.nopcommerce.users.User_01_Regester" tests="5" failures="0" timestamp="29 Jul 2021 11:09:56 GMT" time="16.522" errors="0">
  <testcase name="TC_02_Register_With_Invalid_Email" time="5.412" classname="com.nopcommerce.users.User_01_Regester"/>
  <testcase name="TC_04_Register_With_Password_Under6" time="2.497" classname="com.nopcommerce.users.User_01_Regester"/>
  <testcase name="TC_05_Register_With_Password_Wrong" time="1.596" classname="com.nopcommerce.users.User_01_Regester"/>
  <testcase name="TC_01_Register_With_Empty_Data" time="0.580" classname="com.nopcommerce.users.User_01_Regester"/>
  <testcase name="TC_06_Register_Success" time="6.437" classname="com.nopcommerce.users.User_01_Regester"/>
</testsuite> <!-- com.nopcommerce.users.User_01_Regester -->
