<?xml version="1.0" encoding="UTF-8"?>
<!-- Generated by org.testng.reporters.JUnitReportReporter -->
<testsuite skipped="0" hostname="DESKTOP-MC" name="com.nopcommerce.users.Level_07_Register_Login_Switch_Page" tests="4" failures="0" timestamp="23 May 2021 15:25:45 GMT" time="31.584" errors="0">
  <testcase name="TC_02_Login" time="6.098" classname="com.nopcommerce.users.Level_07_Register_Login_Switch_Page"/>
  <testcase name="TC_03_MyAcount" time="3.299" classname="com.nopcommerce.users.Level_07_Register_Login_Switch_Page"/>
  <testcase name="TC_01_Register" time="14.981" classname="com.nopcommerce.users.Level_07_Register_Login_Switch_Page"/>
  <testcase name="TC_04_Switch_Page" time="7.206" classname="com.nopcommerce.users.Level_07_Register_Login_Switch_Page"/>
</testsuite> <!-- com.nopcommerce.users.Level_07_Register_Login_Switch_Page -->
