<?xml version="1.0" encoding="UTF-8"?>
<!-- Generated by org.testng.reporters.JUnitReportReporter -->
<testsuite skipped="0" hostname="DESKTOP-MC" name="com.nopcommerce.users.Level_08_Register_Login_Dynamic_Locator_Rest_Parameter" tests="5" failures="0" timestamp="26 May 2021 05:30:56 GMT" time="38.278" errors="0">
  <testcase name="TC_02_Login" time="5.201" classname="com.nopcommerce.users.Level_08_Register_Login_Dynamic_Locator_Rest_Parameter"/>
  <testcase name="TC_03_MyAcount" time="4.198" classname="com.nopcommerce.users.Level_08_Register_Login_Dynamic_Locator_Rest_Parameter"/>
  <testcase name="TC_01_Register" time="12.616" classname="com.nopcommerce.users.Level_08_Register_Login_Dynamic_Locator_Rest_Parameter"/>
  <testcase name="TC_04_Switch_Page_Solution_01" time="8.198" classname="com.nopcommerce.users.Level_08_Register_Login_Dynamic_Locator_Rest_Parameter"/>
  <testcase name="TC_04_Switch_Page_Solution_02" time="8.065" classname="com.nopcommerce.users.Level_08_Register_Login_Dynamic_Locator_Rest_Parameter"/>
</testsuite> <!-- com.nopcommerce.users.Level_08_Register_Login_Dynamic_Locator_Rest_Parameter -->
