<?xml version="1.0" encoding="UTF-8"?>
<!-- Generated by org.testng.reporters.JUnitReportReporter -->
<testsuite skipped="0" hostname="DESKTOP-MC" name="com.nopcommerce.admin.Level_09_Web_Data_Table" tests="1" failures="0" timestamp="28 May 2021 02:54:47 GMT" time="3.416" errors="0">
  <testcase name="TC_03_Edit_Products" time="3.416" classname="com.nopcommerce.admin.Level_09_Web_Data_Table"/>
</testsuite> <!-- com.nopcommerce.admin.Level_09_Web_Data_Table -->
