<?xml version="1.0" encoding="UTF-8"?>
<!-- Generated by org.testng.reporters.JUnitReportReporter -->
<testsuite skipped="0" hostname="DESKTOP-MC" name="com.nopcommerce.users.Level_08_Register_Login_Dynamic_Locator_Rest_Parameter" tests="2" failures="0" timestamp="31 May 2021 09:35:59 GMT" time="91.922" errors="0">
  <testcase name="TC_01_Register" time="15.022" classname="com.nopcommerce.users.Level_08_Register_Login_Dynamic_Locator_Rest_Parameter"/>
  <testcase name="TC_02_Login" time="76.900" classname="com.nopcommerce.users.Level_08_Register_Login_Dynamic_Locator_Rest_Parameter"/>
</testsuite> <!-- com.nopcommerce.users.Level_08_Register_Login_Dynamic_Locator_Rest_Parameter -->
